This file contains any messages produced by compilers while
running configure, to aid debugging if configure makes a mistake.

It was created by snes9x-gtk configure 1.53, which was
generated by GNU Autoconf 2.69.  Invocation command line was

  $ ./configure 

## --------- ##
## Platform. ##
## --------- ##

hostname = Cerebro
uname -m = x86_64
uname -r = 3.13.0-24-generic
uname -s = Linux
uname -v = #47-Ubuntu SMP Fri May 2 23:30:00 UTC 2014

/usr/bin/uname -p = unknown
/bin/uname -X     = unknown

/bin/arch              = unknown
/usr/bin/arch -k       = unknown
/usr/convex/getsysinfo = unknown
/usr/bin/hostinfo      = unknown
/bin/machine           = unknown
/usr/bin/oslevel       = unknown
/bin/universe          = unknown

PATH: /home/zarboz/.rbenv/plugins/ruby-build/bin
PATH: /home/zarboz/.rbenv/shims
PATH: /home/zarboz/.rbenv/bin
PATH: /usr/lib/ccache
PATH: /sbin
PATH: /bin
PATH: /usr/local/sbin
PATH: /usr/local/bin
PATH: /usr/sbin
PATH: /usr/bin
PATH: /sbin
PATH: /bin
PATH: /usr/games
PATH: /usr/local/games


## ----------- ##
## Core tests. ##
## ----------- ##

configure:2452: checking for gcc
configure:2468: found /usr/bin/gcc
configure:2479: result: gcc
configure:2708: checking for C compiler version
configure:2717: gcc --version >&5
gcc (Ubuntu 4.8.2-19ubuntu1) 4.8.2
Copyright (C) 2013 Free Software Foundation, Inc.
This is free software; see the source for copying conditions.  There is NO
warranty; not even for MERCHANTABILITY or FITNESS FOR A PARTICULAR PURPOSE.

configure:2728: $? = 0
configure:2717: gcc -v >&5
Using built-in specs.
COLLECT_GCC=gcc
COLLECT_LTO_WRAPPER=/usr/lib/gcc/x86_64-linux-gnu/4.8/lto-wrapper
Target: x86_64-linux-gnu
Configured with: ../src/configure -v --with-pkgversion='Ubuntu 4.8.2-19ubuntu1' --with-bugurl=file:///usr/share/doc/gcc-4.8/README.Bugs --enable-languages=c,c++,java,go,d,fortran,objc,obj-c++ --prefix=/usr --program-suffix=-4.8 --enable-shared --enable-linker-build-id --libexecdir=/usr/lib --without-included-gettext --enable-threads=posix --with-gxx-include-dir=/usr/include/c++/4.8 --libdir=/usr/lib --enable-nls --with-sysroot=/ --enable-clocale=gnu --enable-libstdcxx-debug --enable-libstdcxx-time=yes --enable-gnu-unique-object --disable-libmudflap --enable-plugin --with-system-zlib --disable-browser-plugin --enable-java-awt=gtk --enable-gtk-cairo --with-java-home=/usr/lib/jvm/java-1.5.0-gcj-4.8-amd64/jre --enable-java-home --with-jvm-root-dir=/usr/lib/jvm/java-1.5.0-gcj-4.8-amd64 --with-jvm-jar-dir=/usr/lib/jvm-exports/java-1.5.0-gcj-4.8-amd64 --with-arch-directory=amd64 --with-ecj-jar=/usr/share/java/eclipse-ecj.jar --enable-objc-gc --enable-multiarch --disable-werror --with-arch-32=i686 --with-abi=m64 --with-multilib-list=m32,m64,mx32 --with-tune=generic --enable-checking=release --build=x86_64-linux-gnu --host=x86_64-linux-gnu --target=x86_64-linux-gnu
Thread model: posix
gcc version 4.8.2 (Ubuntu 4.8.2-19ubuntu1) 
configure:2728: $? = 0
configure:2717: gcc -V >&5
gcc: error: unrecognized command line option '-V'
gcc: fatal error: no input files
compilation terminated.
configure:2728: $? = 4
configure:2717: gcc -qversion >&5
gcc: error: unrecognized command line option '-qversion'
gcc: fatal error: no input files
compilation terminated.
configure:2728: $? = 4
configure:2748: checking whether the C compiler works
configure:2770: gcc -Os -pipe -Wall -W -pedantic -Wno-unused-parameter   conftest.c  >&5
configure:2774: $? = 0
configure:2822: result: yes
configure:2825: checking for C compiler default output file name
configure:2827: result: a.out
configure:2833: checking for suffix of executables
configure:2840: gcc -o conftest -Os -pipe -Wall -W -pedantic -Wno-unused-parameter   conftest.c  >&5
configure:2844: $? = 0
configure:2866: result: 
configure:2888: checking whether we are cross compiling
configure:2896: gcc -o conftest -Os -pipe -Wall -W -pedantic -Wno-unused-parameter   conftest.c  >&5
configure:2900: $? = 0
configure:2907: ./conftest
configure:2911: $? = 0
configure:2926: result: no
configure:2931: checking for suffix of object files
configure:2953: gcc -c -Os -pipe -Wall -W -pedantic -Wno-unused-parameter  conftest.c >&5
configure:2957: $? = 0
configure:2978: result: o
configure:2982: checking whether we are using the GNU C compiler
configure:3001: gcc -c -Os -pipe -Wall -W -pedantic -Wno-unused-parameter  conftest.c >&5
configure:3001: $? = 0
configure:3010: result: yes
configure:3019: checking whether gcc accepts -g
configure:3039: gcc -c -g  conftest.c >&5
configure:3039: $? = 0
configure:3080: result: yes
configure:3097: checking for gcc option to accept ISO C89
configure:3160: gcc  -c -Os -pipe -Wall -W -pedantic -Wno-unused-parameter  conftest.c >&5
configure:3160: $? = 0
configure:3173: result: none needed
configure:3201: checking whether gcc understands -c and -o together
configure:3223: gcc -c conftest.c -o conftest2.o
configure:3226: $? = 0
configure:3223: gcc -c conftest.c -o conftest2.o
configure:3226: $? = 0
configure:3238: result: yes
configure:3313: checking for g++
configure:3329: found /usr/bin/g++
configure:3340: result: g++
configure:3367: checking for C++ compiler version
configure:3376: g++ --version >&5
g++ (Ubuntu 4.8.2-19ubuntu1) 4.8.2
Copyright (C) 2013 Free Software Foundation, Inc.
This is free software; see the source for copying conditions.  There is NO
warranty; not even for MERCHANTABILITY or FITNESS FOR A PARTICULAR PURPOSE.

configure:3387: $? = 0
configure:3376: g++ -v >&5
Using built-in specs.
COLLECT_GCC=g++
COLLECT_LTO_WRAPPER=/usr/lib/gcc/x86_64-linux-gnu/4.8/lto-wrapper
Target: x86_64-linux-gnu
Configured with: ../src/configure -v --with-pkgversion='Ubuntu 4.8.2-19ubuntu1' --with-bugurl=file:///usr/share/doc/gcc-4.8/README.Bugs --enable-languages=c,c++,java,go,d,fortran,objc,obj-c++ --prefix=/usr --program-suffix=-4.8 --enable-shared --enable-linker-build-id --libexecdir=/usr/lib --without-included-gettext --enable-threads=posix --with-gxx-include-dir=/usr/include/c++/4.8 --libdir=/usr/lib --enable-nls --with-sysroot=/ --enable-clocale=gnu --enable-libstdcxx-debug --enable-libstdcxx-time=yes --enable-gnu-unique-object --disable-libmudflap --enable-plugin --with-system-zlib --disable-browser-plugin --enable-java-awt=gtk --enable-gtk-cairo --with-java-home=/usr/lib/jvm/java-1.5.0-gcj-4.8-amd64/jre --enable-java-home --with-jvm-root-dir=/usr/lib/jvm/java-1.5.0-gcj-4.8-amd64 --with-jvm-jar-dir=/usr/lib/jvm-exports/java-1.5.0-gcj-4.8-amd64 --with-arch-directory=amd64 --with-ecj-jar=/usr/share/java/eclipse-ecj.jar --enable-objc-gc --enable-multiarch --disable-werror --with-arch-32=i686 --with-abi=m64 --with-multilib-list=m32,m64,mx32 --with-tune=generic --enable-checking=release --build=x86_64-linux-gnu --host=x86_64-linux-gnu --target=x86_64-linux-gnu
Thread model: posix
gcc version 4.8.2 (Ubuntu 4.8.2-19ubuntu1) 
configure:3387: $? = 0
configure:3376: g++ -V >&5
g++: error: unrecognized command line option '-V'
g++: fatal error: no input files
compilation terminated.
configure:3387: $? = 4
configure:3376: g++ -qversion >&5
g++: error: unrecognized command line option '-qversion'
g++: fatal error: no input files
compilation terminated.
configure:3387: $? = 4
configure:3391: checking whether we are using the GNU C++ compiler
configure:3410: g++ -c -Os -pipe -Wall -W -pedantic -Wno-unused-parameter  conftest.cpp >&5
configure:3410: $? = 0
configure:3419: result: yes
configure:3428: checking whether g++ accepts -g
configure:3448: g++ -c -g  conftest.cpp >&5
configure:3448: $? = 0
configure:3489: result: yes
configure:3555: checking for ranlib
configure:3571: found /usr/bin/ranlib
configure:3582: result: ranlib
configure:3654: checking for a BSD-compatible install
configure:3722: result: /usr/bin/install -c
configure:3735: checking whether build environment is sane
configure:3790: result: yes
configure:3825: WARNING: 'missing' script is too old or missing
configure:3938: checking for a thread-safe mkdir -p
configure:3977: result: /bin/mkdir -p
configure:3984: checking for gawk
configure:4000: found /usr/bin/gawk
configure:4011: result: gawk
configure:4022: checking whether make sets $(MAKE)
configure:4044: result: yes
configure:4074: checking for style of include used by make
configure:4102: result: GNU
configure:4136: checking whether make supports nested variables
configure:4153: result: yes
configure:4238: checking dependency style of gcc
configure:4349: result: gcc3
configure:4366: checking dependency style of g++
configure:4477: result: gcc3
configure:4546: checking whether make supports nested variables
configure:4563: result: yes
configure:4577: checking whether NLS is requested
configure:4586: result: yes
configure:4605: checking for intltool >= 0.37.0
configure:4607: result: 0.50.2 found
configure:4615: checking for intltool-update
configure:4633: found /usr/bin/intltool-update
configure:4645: result: /usr/bin/intltool-update
configure:4655: checking for intltool-merge
configure:4673: found /usr/bin/intltool-merge
configure:4685: result: /usr/bin/intltool-merge
configure:4695: checking for intltool-extract
configure:4713: found /usr/bin/intltool-extract
configure:4725: result: /usr/bin/intltool-extract
configure:4879: checking for xgettext
configure:4897: found /usr/bin/xgettext
configure:4909: result: /usr/bin/xgettext
configure:4919: checking for msgmerge
configure:4937: found /usr/bin/msgmerge
configure:4949: result: /usr/bin/msgmerge
configure:4959: checking for msgfmt
configure:4977: found /usr/bin/msgfmt
configure:4989: result: /usr/bin/msgfmt
configure:4999: checking for gmsgfmt
configure:5030: result: /usr/bin/msgfmt
configure:5050: checking for perl
configure:5068: found /usr/bin/perl
configure:5080: result: /usr/bin/perl
configure:5091: checking for perl >= 5.8.1
configure:5098: result: 5.18.2
configure:5102: checking for XML::Parser
configure:5105: result: ok
configure:5130: g++ -o conftest -Os -pipe -Wall -W -pedantic -Wno-unused-parameter   conftest.cpp  >&5
configure:5130: $? = 0
configure:5168: checking how to run the C++ preprocessor
configure:5195: g++ -E  conftest.cpp
configure:5195: $? = 0
configure:5209: g++ -E  conftest.cpp
conftest.cpp:12:28: fatal error: ac_nonexistent.h: No such file or directory
 #include <ac_nonexistent.h>
                            ^
compilation terminated.
configure:5209: $? = 1
configure: failed program was:
| /* confdefs.h */
| #define PACKAGE_NAME "snes9x-gtk"
| #define PACKAGE_TARNAME "snes9x-gtk"
| #define PACKAGE_VERSION "1.53"
| #define PACKAGE_STRING "snes9x-gtk 1.53"
| #define PACKAGE_BUGREPORT ""
| #define PACKAGE_URL ""
| #define PACKAGE "snes9x-gtk"
| #define VERSION "1.53"
| #define GETTEXT_PACKAGE "snes9x-gtk"
| /* end confdefs.h.  */
| #include <ac_nonexistent.h>
configure:5234: result: g++ -E
configure:5254: g++ -E  conftest.cpp
configure:5254: $? = 0
configure:5268: g++ -E  conftest.cpp
conftest.cpp:12:28: fatal error: ac_nonexistent.h: No such file or directory
 #include <ac_nonexistent.h>
                            ^
compilation terminated.
configure:5268: $? = 1
configure: failed program was:
| /* confdefs.h */
| #define PACKAGE_NAME "snes9x-gtk"
| #define PACKAGE_TARNAME "snes9x-gtk"
| #define PACKAGE_VERSION "1.53"
| #define PACKAGE_STRING "snes9x-gtk 1.53"
| #define PACKAGE_BUGREPORT ""
| #define PACKAGE_URL ""
| #define PACKAGE "snes9x-gtk"
| #define VERSION "1.53"
| #define GETTEXT_PACKAGE "snes9x-gtk"
| /* end confdefs.h.  */
| #include <ac_nonexistent.h>
configure:5297: checking for grep that handles long lines and -e
configure:5355: result: /bin/grep
configure:5360: checking for egrep
configure:5422: result: /bin/grep -E
configure:5427: checking for ANSI C header files
configure:5447: g++ -c -Os -pipe -Wall -W -pedantic -Wno-unused-parameter  conftest.cpp >&5
configure:5447: $? = 0
configure:5520: g++ -o conftest -Os -pipe -Wall -W -pedantic -Wno-unused-parameter   conftest.cpp  >&5
configure:5520: $? = 0
configure:5520: ./conftest
configure:5520: $? = 0
configure:5531: result: yes
configure:5544: checking for sys/types.h
configure:5544: g++ -c -Os -pipe -Wall -W -pedantic -Wno-unused-parameter  conftest.cpp >&5
configure:5544: $? = 0
configure:5544: result: yes
configure:5544: checking for sys/stat.h
configure:5544: g++ -c -Os -pipe -Wall -W -pedantic -Wno-unused-parameter  conftest.cpp >&5
configure:5544: $? = 0
configure:5544: result: yes
configure:5544: checking for stdlib.h
configure:5544: g++ -c -Os -pipe -Wall -W -pedantic -Wno-unused-parameter  conftest.cpp >&5
configure:5544: $? = 0
configure:5544: result: yes
configure:5544: checking for string.h
configure:5544: g++ -c -Os -pipe -Wall -W -pedantic -Wno-unused-parameter  conftest.cpp >&5
configure:5544: $? = 0
configure:5544: result: yes
configure:5544: checking for memory.h
configure:5544: g++ -c -Os -pipe -Wall -W -pedantic -Wno-unused-parameter  conftest.cpp >&5
configure:5544: $? = 0
configure:5544: result: yes
configure:5544: checking for strings.h
configure:5544: g++ -c -Os -pipe -Wall -W -pedantic -Wno-unused-parameter  conftest.cpp >&5
configure:5544: $? = 0
configure:5544: result: yes
configure:5544: checking for inttypes.h
configure:5544: g++ -c -Os -pipe -Wall -W -pedantic -Wno-unused-parameter  conftest.cpp >&5
configure:5544: $? = 0
configure:5544: result: yes
configure:5544: checking for stdint.h
configure:5544: g++ -c -Os -pipe -Wall -W -pedantic -Wno-unused-parameter  conftest.cpp >&5
configure:5544: $? = 0
configure:5544: result: yes
configure:5544: checking for unistd.h
configure:5544: g++ -c -Os -pipe -Wall -W -pedantic -Wno-unused-parameter  conftest.cpp >&5
configure:5544: $? = 0
configure:5544: result: yes
configure:5559: checking locale.h usability
configure:5559: g++ -c -Os -pipe -Wall -W -pedantic -Wno-unused-parameter  conftest.cpp >&5
configure:5559: $? = 0
configure:5559: result: yes
configure:5559: checking locale.h presence
configure:5559: g++ -E  conftest.cpp
configure:5559: $? = 0
configure:5559: result: yes
configure:5559: checking for locale.h
configure:5559: result: yes
configure:5570: checking for LC_MESSAGES
configure:5586: g++ -o conftest -Os -pipe -Wall -W -pedantic -Wno-unused-parameter   conftest.cpp  >&5
configure:5586: $? = 0
configure:5594: result: yes
configure:5611: checking libintl.h usability
configure:5611: g++ -c -Os -pipe -Wall -W -pedantic -Wno-unused-parameter  conftest.cpp >&5
configure:5611: $? = 0
configure:5611: result: yes
configure:5611: checking libintl.h presence
configure:5611: g++ -E  conftest.cpp
configure:5611: $? = 0
configure:5611: result: yes
configure:5611: checking for libintl.h
configure:5611: result: yes
configure:5619: checking for ngettext in libc
configure:5637: g++ -o conftest -Os -pipe -Wall -W -pedantic -Wno-unused-parameter   conftest.cpp  >&5
configure:5637: $? = 0
configure:5646: result: yes
configure:5650: checking for dgettext in libc
configure:5668: g++ -o conftest -Os -pipe -Wall -W -pedantic -Wno-unused-parameter   conftest.cpp  >&5
configure:5668: $? = 0
configure:5677: result: yes
configure:5684: checking for bind_textdomain_codeset
configure:5684: g++ -o conftest -Os -pipe -Wall -W -pedantic -Wno-unused-parameter   conftest.cpp  >&5
configure:5684: $? = 0
configure:5684: result: yes
configure:5960: checking for msgfmt
configure:5987: result: /usr/bin/msgfmt
configure:5998: checking for dcgettext
configure:5998: g++ -o conftest -Os -pipe -Wall -W -pedantic -Wno-unused-parameter   conftest.cpp   >&5
configure:5998: $? = 0
configure:5998: result: yes
configure:6008: checking if msgfmt accepts -c
configure:6023: $MSGFMT -c -o /dev/null conftest.foo
conftest.foo:3: warning: header field 'Language' missing in header
configure:6026: $? = 0
configure:6028: result: yes
configure:6038: checking for gmsgfmt
configure:6069: result: /usr/bin/msgfmt
configure:6079: checking for xgettext
configure:6106: result: /usr/bin/xgettext
configure:6125: g++ -o conftest -Os -pipe -Wall -W -pedantic -Wno-unused-parameter   conftest.cpp   >&5
configure:6125: $? = 0
configure:6523: checking for pkg-config
configure:6541: found /usr/bin/pkg-config
configure:6553: result: /usr/bin/pkg-config
configure:6578: checking pkg-config is at least version 0.9.0
configure:6581: result: yes
configure:6591: checking for GTK
configure:6598: $PKG_CONFIG --exists --print-errors ""$GTK_VERSION""
configure:6601: $? = 0
configure:6615: $PKG_CONFIG --exists --print-errors ""$GTK_VERSION""
configure:6618: $? = 0
configure:6676: result: yes
configure:6682: checking for GLIB
configure:6689: $PKG_CONFIG --exists --print-errors "gthread-2.0 >= 2.6 gobject-2.0 >= 2.6"
configure:6692: $? = 0
configure:6706: $PKG_CONFIG --exists --print-errors "gthread-2.0 >= 2.6 gobject-2.0 >= 2.6"
configure:6709: $? = 0
configure:6767: result: yes
configure:6773: checking for LIBXML
configure:6780: $PKG_CONFIG --exists --print-errors "libxml-2.0 >= 2.0"
configure:6783: $? = 0
configure:6797: $PKG_CONFIG --exists --print-errors "libxml-2.0 >= 2.0"
configure:6800: $? = 0
configure:6858: result: yes
configure:6865: checking for glGetString in -lGL
configure:6890: g++ -o conftest -Os -pipe -Wall -W -pedantic -Wno-unused-parameter   conftest.cpp -lGL   -lX11 -ldl -lXext >&5
configure:6890: $? = 0
configure:6899: result: yes
configure:6921: checking for SDL
configure:6928: $PKG_CONFIG --exists --print-errors "sdl"
configure:6931: $? = 0
configure:6945: $PKG_CONFIG --exists --print-errors "sdl"
configure:6948: $? = 0
configure:7080: result: yes
configure:7095: checking for XV
configure:7102: $PKG_CONFIG --exists --print-errors "xv"
configure:7105: $? = 0
configure:7119: $PKG_CONFIG --exists --print-errors "xv"
configure:7122: $? = 0
configure:7166: result: yes
configure:7181: checking for PORTAUDIO
configure:7188: $PKG_CONFIG --exists --print-errors "portaudio-2.0 >= 10"
Package portaudio-2.0 was not found in the pkg-config search path.
Perhaps you should add the directory containing `portaudio-2.0.pc'
to the PKG_CONFIG_PATH environment variable
No package 'portaudio-2.0' found
configure:7191: $? = 1
configure:7205: $PKG_CONFIG --exists --print-errors "portaudio-2.0 >= 10"
Package portaudio-2.0 was not found in the pkg-config search path.
Perhaps you should add the directory containing `portaudio-2.0.pc'
to the PKG_CONFIG_PATH environment variable
No package 'portaudio-2.0' found
configure:7208: $? = 1
configure:7222: result: no
No package 'portaudio-2.0' found
configure:7264: checking sys/soundcard.h usability
configure:7264: g++ -c -Os -pipe -Wall -W -pedantic -Wno-unused-parameter  conftest.cpp >&5
configure:7264: $? = 0
configure:7264: result: yes
configure:7264: checking sys/soundcard.h presence
configure:7264: g++ -E  conftest.cpp
configure:7264: $? = 0
configure:7264: result: yes
configure:7264: checking for sys/soundcard.h
configure:7264: result: yes
configure:7287: checking for ALSA
configure:7294: $PKG_CONFIG --exists --print-errors "alsa"
configure:7297: $? = 0
configure:7311: $PKG_CONFIG --exists --print-errors "alsa"
configure:7314: $? = 0
configure:7358: result: yes
configure:7373: checking for PULSEAUDIO
configure:7380: $PKG_CONFIG --exists --print-errors "libpulse-simple"
configure:7383: $? = 0
configure:7397: $PKG_CONFIG --exists --print-errors "libpulse-simple"
configure:7400: $? = 0
configure:7444: result: yes
configure:7459: checking for XRANDR
configure:7466: $PKG_CONFIG --exists --print-errors "xrandr"
configure:7469: $? = 0
configure:7483: $PKG_CONFIG --exists --print-errors "xrandr"
configure:7486: $? = 0
configure:7530: result: yes
configure:7544: checking for LIBPNG
configure:7551: $PKG_CONFIG --exists --print-errors "libpng"
configure:7554: $? = 0
configure:7568: $PKG_CONFIG --exists --print-errors "libpng"
configure:7571: $? = 0
configure:7615: result: yes
configure:7662: checking zlib.h usability
configure:7662: g++ -c -Os -pipe -Wall -W -pedantic -Wno-unused-parameter  conftest.cpp >&5
configure:7662: $? = 0
configure:7662: result: yes
configure:7662: checking zlib.h presence
configure:7662: g++ -E  conftest.cpp
configure:7662: $? = 0
configure:7662: result: yes
configure:7662: checking for zlib.h
configure:7662: result: yes
configure:7672: checking for gzread in -lz
configure:7697: g++ -o conftest -Os -pipe -Wall -W -pedantic -Wno-unused-parameter   conftest.cpp -lz   -lX11 -ldl -lXext -lGL -lgtk-x11-2.0 -lgdk-x11-2.0 -latk-1.0 -lgio-2.0 -lpangoft2-1.0 -lpangocairo-1.0 -lgdk_pixbuf-2.0 -lcairo -lpango-1.0 -lfontconfig -lgobject-2.0 -lglib-2.0 -lfreetype   -pthread -lgthread-2.0 -lgobject-2.0 -lglib-2.0   -lxml2    -lpng12   -lSDL   -lXv   -lXrandr   -lasound   -lpulse-simple -lpulse   >&5
configure:7697: $? = 0
configure:7706: result: yes
configure:7717: checking for mkstemp
configure:7717: g++ -o conftest -Os -pipe -Wall -W -pedantic -Wno-unused-parameter   conftest.cpp  -lX11 -ldl -lXext -lGL -lgtk-x11-2.0 -lgdk-x11-2.0 -latk-1.0 -lgio-2.0 -lpangoft2-1.0 -lpangocairo-1.0 -lgdk_pixbuf-2.0 -lcairo -lpango-1.0 -lfontconfig -lgobject-2.0 -lglib-2.0 -lfreetype   -pthread -lgthread-2.0 -lgobject-2.0 -lglib-2.0   -lxml2    -lpng12   -lSDL   -lXv   -lXrandr   -lasound   -lpulse-simple -lpulse   -lz >&5
configure:7717: $? = 0
configure:7717: result: yes
configure:7726: checking for strings.h
configure:7726: result: yes
configure:7735: checking sys/ioctl.h usability
configure:7735: g++ -c -Os -pipe -Wall -W -pedantic -Wno-unused-parameter  conftest.cpp >&5
configure:7735: $? = 0
configure:7735: result: yes
configure:7735: checking sys/ioctl.h presence
configure:7735: g++ -E  conftest.cpp
configure:7735: $? = 0
configure:7735: result: yes
configure:7735: checking for sys/ioctl.h
configure:7735: result: yes
configure:7744: checking for stdint.h
configure:7744: result: yes
configure:7757: checking if sizeof(void *) == sizeof(int)
configure:7774: g++ -o conftest -Os -pipe -Wall -W -pedantic -Wno-unused-parameter   conftest.cpp  -lX11 -ldl -lXext -lGL -lgtk-x11-2.0 -lgdk-x11-2.0 -latk-1.0 -lgio-2.0 -lpangoft2-1.0 -lpangocairo-1.0 -lgdk_pixbuf-2.0 -lcairo -lpango-1.0 -lfontconfig -lgobject-2.0 -lglib-2.0 -lfreetype   -pthread -lgthread-2.0 -lgobject-2.0 -lglib-2.0   -lxml2    -lpng12   -lSDL   -lXv   -lXrandr   -lasound   -lpulse-simple -lpulse   -lz >&5
configure:7774: $? = 0
configure:7774: ./conftest
configure:7774: $? = 1
configure: program exited with status 1
configure: failed program was:
| /* confdefs.h */
| #define PACKAGE_NAME "snes9x-gtk"
| #define PACKAGE_TARNAME "snes9x-gtk"
| #define PACKAGE_VERSION "1.53"
| #define PACKAGE_STRING "snes9x-gtk 1.53"
| #define PACKAGE_BUGREPORT ""
| #define PACKAGE_URL ""
| #define PACKAGE "snes9x-gtk"
| #define VERSION "1.53"
| #define GETTEXT_PACKAGE "snes9x-gtk"
| #define STDC_HEADERS 1
| #define HAVE_SYS_TYPES_H 1
| #define HAVE_SYS_STAT_H 1
| #define HAVE_STDLIB_H 1
| #define HAVE_STRING_H 1
| #define HAVE_MEMORY_H 1
| #define HAVE_STRINGS_H 1
| #define HAVE_INTTYPES_H 1
| #define HAVE_STDINT_H 1
| #define HAVE_UNISTD_H 1
| #define HAVE_LOCALE_H 1
| #define HAVE_LC_MESSAGES 1
| #define HAVE_BIND_TEXTDOMAIN_CODESET 1
| #define HAVE_GETTEXT 1
| #define HAVE_DCGETTEXT 1
| #define ENABLE_NLS 1
| #define HAVE_ZLIB_H 1
| /* end confdefs.h.  */
| 
|   int main()
|   {
|    return(!(sizeof(void *) == sizeof(int)));
|   }
| 
configure:7785: result: no
configure:7791: checking if rightshift int8 is arithmetic
configure:7814: g++ -o conftest -Os -pipe -Wall -W -pedantic -Wno-unused-parameter   conftest.cpp  -lX11 -ldl -lXext -lGL -lgtk-x11-2.0 -lgdk-x11-2.0 -latk-1.0 -lgio-2.0 -lpangoft2-1.0 -lpangocairo-1.0 -lgdk_pixbuf-2.0 -lcairo -lpango-1.0 -lfontconfig -lgobject-2.0 -lglib-2.0 -lfreetype   -pthread -lgthread-2.0 -lgobject-2.0 -lglib-2.0   -lxml2    -lpng12   -lSDL   -lXv   -lXrandr   -lasound   -lpulse-simple -lpulse   -lz >&5
configure:7814: $? = 0
configure:7814: ./conftest
configure:7814: $? = 0
configure:7832: result: yes
configure:7837: checking if rightshift int16 is arithmetic
configure:7860: g++ -o conftest -Os -pipe -Wall -W -pedantic -Wno-unused-parameter   conftest.cpp  -lX11 -ldl -lXext -lGL -lgtk-x11-2.0 -lgdk-x11-2.0 -latk-1.0 -lgio-2.0 -lpangoft2-1.0 -lpangocairo-1.0 -lgdk_pixbuf-2.0 -lcairo -lpango-1.0 -lfontconfig -lgobject-2.0 -lglib-2.0 -lfreetype   -pthread -lgthread-2.0 -lgobject-2.0 -lglib-2.0   -lxml2    -lpng12   -lSDL   -lXv   -lXrandr   -lasound   -lpulse-simple -lpulse   -lz >&5
configure:7860: $? = 0
configure:7860: ./conftest
configure:7860: $? = 0
configure:7878: result: yes
configure:7883: checking if rightshift int32 is arithmetic
configure:7906: g++ -o conftest -Os -pipe -Wall -W -pedantic -Wno-unused-parameter   conftest.cpp  -lX11 -ldl -lXext -lGL -lgtk-x11-2.0 -lgdk-x11-2.0 -latk-1.0 -lgio-2.0 -lpangoft2-1.0 -lpangocairo-1.0 -lgdk_pixbuf-2.0 -lcairo -lpango-1.0 -lfontconfig -lgobject-2.0 -lglib-2.0 -lfreetype   -pthread -lgthread-2.0 -lgobject-2.0 -lglib-2.0   -lxml2    -lpng12   -lSDL   -lXv   -lXrandr   -lasound   -lpulse-simple -lpulse   -lz >&5
configure:7906: $? = 0
configure:7906: ./conftest
configure:7906: $? = 0
configure:7924: result: yes
configure:7929: checking if rightshift int64 is arithmetic
configure:7952: g++ -o conftest -Os -pipe -Wall -W -pedantic -Wno-unused-parameter   conftest.cpp  -lX11 -ldl -lXext -lGL -lgtk-x11-2.0 -lgdk-x11-2.0 -latk-1.0 -lgio-2.0 -lpangoft2-1.0 -lpangocairo-1.0 -lgdk_pixbuf-2.0 -lcairo -lpango-1.0 -lfontconfig -lgobject-2.0 -lglib-2.0 -lfreetype   -pthread -lgthread-2.0 -lgobject-2.0 -lglib-2.0   -lxml2    -lpng12   -lSDL   -lXv   -lXrandr   -lasound   -lpulse-simple -lpulse   -lz >&5
configure:7952: $? = 0
configure:7952: ./conftest
configure:7952: $? = 0
configure:7970: result: yes
configure:8258: checking that generated files are newer than configure
configure:8264: result: done
configure:8355: creating ./config.status

## ---------------------- ##
## Running config.status. ##
## ---------------------- ##

This file was extended by snes9x-gtk config.status 1.53, which was
generated by GNU Autoconf 2.69.  Invocation command line was

  CONFIG_FILES    = 
  CONFIG_HEADERS  = 
  CONFIG_LINKS    = 
  CONFIG_COMMANDS = 
  $ ./config.status 

on Cerebro

config.status:932: creating Makefile
config.status:932: creating data/Makefile
config.status:932: creating po/Makefile.in
config.status:1104: executing depfiles commands
config.status:1104: executing default-1 commands
config.status:1104: executing po/stamp-it commands

## ---------------- ##
## Cache variables. ##
## ---------------- ##

ac_cv_c_compiler_gnu=yes
ac_cv_cxx_compiler_gnu=yes
ac_cv_env_ALSA_CFLAGS_set=
ac_cv_env_ALSA_CFLAGS_value=
ac_cv_env_ALSA_LIBS_set=
ac_cv_env_ALSA_LIBS_value=
ac_cv_env_CCC_set=
ac_cv_env_CCC_value=
ac_cv_env_CC_set=
ac_cv_env_CC_value=
ac_cv_env_CFLAGS_set=
ac_cv_env_CFLAGS_value=
ac_cv_env_CPPFLAGS_set=
ac_cv_env_CPPFLAGS_value=
ac_cv_env_CXXCPP_set=
ac_cv_env_CXXCPP_value=
ac_cv_env_CXXFLAGS_set=
ac_cv_env_CXXFLAGS_value=
ac_cv_env_CXX_set=
ac_cv_env_CXX_value=
ac_cv_env_GLIB_CFLAGS_set=
ac_cv_env_GLIB_CFLAGS_value=
ac_cv_env_GLIB_LIBS_set=
ac_cv_env_GLIB_LIBS_value=
ac_cv_env_GTK_CFLAGS_set=
ac_cv_env_GTK_CFLAGS_value=
ac_cv_env_GTK_LIBS_set=
ac_cv_env_GTK_LIBS_value=
ac_cv_env_LDFLAGS_set=
ac_cv_env_LDFLAGS_value=
ac_cv_env_LIBPNG_CFLAGS_set=
ac_cv_env_LIBPNG_CFLAGS_value=
ac_cv_env_LIBPNG_LIBS_set=
ac_cv_env_LIBPNG_LIBS_value=
ac_cv_env_LIBS_set=
ac_cv_env_LIBS_value=
ac_cv_env_LIBXML_CFLAGS_set=
ac_cv_env_LIBXML_CFLAGS_value=
ac_cv_env_LIBXML_LIBS_set=
ac_cv_env_LIBXML_LIBS_value=
ac_cv_env_PKG_CONFIG_LIBDIR_set=
ac_cv_env_PKG_CONFIG_LIBDIR_value=
ac_cv_env_PKG_CONFIG_PATH_set=
ac_cv_env_PKG_CONFIG_PATH_value=
ac_cv_env_PKG_CONFIG_set=
ac_cv_env_PKG_CONFIG_value=
ac_cv_env_PORTAUDIO_CFLAGS_set=
ac_cv_env_PORTAUDIO_CFLAGS_value=
ac_cv_env_PORTAUDIO_LIBS_set=
ac_cv_env_PORTAUDIO_LIBS_value=
ac_cv_env_PULSEAUDIO_CFLAGS_set=
ac_cv_env_PULSEAUDIO_CFLAGS_value=
ac_cv_env_PULSEAUDIO_LIBS_set=
ac_cv_env_PULSEAUDIO_LIBS_value=
ac_cv_env_SDL_CFLAGS_set=
ac_cv_env_SDL_CFLAGS_value=
ac_cv_env_SDL_LIBS_set=
ac_cv_env_SDL_LIBS_value=
ac_cv_env_XRANDR_CFLAGS_set=
ac_cv_env_XRANDR_CFLAGS_value=
ac_cv_env_XRANDR_LIBS_set=
ac_cv_env_XRANDR_LIBS_value=
ac_cv_env_XV_CFLAGS_set=
ac_cv_env_XV_CFLAGS_value=
ac_cv_env_XV_LIBS_set=
ac_cv_env_XV_LIBS_value=
ac_cv_env_build_alias_set=
ac_cv_env_build_alias_value=
ac_cv_env_host_alias_set=
ac_cv_env_host_alias_value=
ac_cv_env_target_alias_set=
ac_cv_env_target_alias_value=
ac_cv_func_bind_textdomain_codeset=yes
ac_cv_func_dcgettext=yes
ac_cv_func_mkstemp=yes
ac_cv_header_inttypes_h=yes
ac_cv_header_libintl_h=yes
ac_cv_header_locale_h=yes
ac_cv_header_memory_h=yes
ac_cv_header_stdc=yes
ac_cv_header_stdint_h=yes
ac_cv_header_stdlib_h=yes
ac_cv_header_string_h=yes
ac_cv_header_strings_h=yes
ac_cv_header_sys_ioctl_h=yes
ac_cv_header_sys_soundcard_h=yes
ac_cv_header_sys_stat_h=yes
ac_cv_header_sys_types_h=yes
ac_cv_header_unistd_h=yes
ac_cv_header_zlib_h=yes
ac_cv_lib_GL_glGetString=yes
ac_cv_lib_z_gzread=yes
ac_cv_my_sar_int16=yes
ac_cv_my_sar_int32=yes
ac_cv_my_sar_int64=yes
ac_cv_my_sar_int8=yes
ac_cv_objext=o
ac_cv_path_EGREP='/bin/grep -E'
ac_cv_path_GMSGFMT=/usr/bin/msgfmt
ac_cv_path_GREP=/bin/grep
ac_cv_path_INTLTOOL_EXTRACT=/usr/bin/intltool-extract
ac_cv_path_INTLTOOL_MERGE=/usr/bin/intltool-merge
ac_cv_path_INTLTOOL_PERL=/usr/bin/perl
ac_cv_path_INTLTOOL_UPDATE=/usr/bin/intltool-update
ac_cv_path_MSGFMT=/usr/bin/msgfmt
ac_cv_path_MSGMERGE=/usr/bin/msgmerge
ac_cv_path_XGETTEXT=/usr/bin/xgettext
ac_cv_path_ac_pt_PKG_CONFIG=/usr/bin/pkg-config
ac_cv_path_install='/usr/bin/install -c'
ac_cv_path_mkdir=/bin/mkdir
ac_cv_prog_AWK=gawk
ac_cv_prog_CXXCPP='g++ -E'
ac_cv_prog_ac_ct_CC=gcc
ac_cv_prog_ac_ct_CXX=g++
ac_cv_prog_ac_ct_RANLIB=ranlib
ac_cv_prog_cc_c89=
ac_cv_prog_cc_g=yes
ac_cv_prog_cxx_g=yes
ac_cv_prog_make_make_set=yes
am_cv_CC_dependencies_compiler_type=gcc3
am_cv_CXX_dependencies_compiler_type=gcc3
am_cv_make_support_nested_variables=yes
am_cv_prog_cc_c_o=yes
am_cv_val_LC_MESSAGES=yes
gt_cv_func_dgettext_libc=yes
gt_cv_func_dgettext_libintl=no
gt_cv_func_ngettext_libc=yes
gt_cv_have_gettext=yes
pkg_cv_ALSA_CFLAGS='-I/usr/include/alsa  '
pkg_cv_ALSA_LIBS='-lasound  '
pkg_cv_GLIB_CFLAGS='-pthread -I/usr/include/glib-2.0 -I/usr/lib/x86_64-linux-gnu/glib-2.0/include  '
pkg_cv_GLIB_LIBS='-pthread -lgthread-2.0 -lgobject-2.0 -lglib-2.0  '
pkg_cv_GTK_CFLAGS='-pthread -I/usr/include/gtk-2.0 -I/usr/lib/x86_64-linux-gnu/gtk-2.0/include -I/usr/include/atk-1.0 -I/usr/include/cairo -I/usr/include/gdk-pixbuf-2.0 -I/usr/include/pango-1.0 -I/usr/include/gio-unix-2.0/ -I/usr/include/freetype2 -I/usr/include/glib-2.0 -I/usr/lib/x86_64-linux-gnu/glib-2.0/include -I/usr/include/pixman-1 -I/usr/include/libpng12 -I/usr/include/harfbuzz  '
pkg_cv_GTK_LIBS='-lgtk-x11-2.0 -lgdk-x11-2.0 -latk-1.0 -lgio-2.0 -lpangoft2-1.0 -lpangocairo-1.0 -lgdk_pixbuf-2.0 -lcairo -lpango-1.0 -lfontconfig -lgobject-2.0 -lglib-2.0 -lfreetype  '
pkg_cv_LIBPNG_CFLAGS='-I/usr/include/libpng12  '
pkg_cv_LIBPNG_LIBS='-lpng12  '
pkg_cv_LIBXML_CFLAGS='-I/usr/include/libxml2  '
pkg_cv_LIBXML_LIBS='-lxml2  '
pkg_cv_PULSEAUDIO_CFLAGS='-D_REENTRANT  '
pkg_cv_PULSEAUDIO_LIBS='-lpulse-simple -lpulse  '
pkg_cv_SDL_CFLAGS='-D_GNU_SOURCE=1 -D_REENTRANT -I/usr/include/SDL  '
pkg_cv_SDL_LIBS='-lSDL  '
pkg_cv_XRANDR_CFLAGS=' '
pkg_cv_XRANDR_LIBS='-lXrandr  '
pkg_cv_XV_CFLAGS=' '
pkg_cv_XV_LIBS='-lXv  '

## ----------------- ##
## Output variables. ##
## ----------------- ##

ACLOCAL='aclocal-1.14'
ALL_LINGUAS=''
ALSA_CFLAGS='-I/usr/include/alsa  '
ALSA_FALSE='#'
ALSA_LIBS='-lasound  '
ALSA_TRUE=''
AMDEPBACKSLASH='\'
AMDEP_FALSE='#'
AMDEP_TRUE=''
AMTAR='$${TAR-tar}'
AM_BACKSLASH='\'
AM_DEFAULT_V='$(AM_DEFAULT_VERBOSITY)'
AM_DEFAULT_VERBOSITY='0'
AM_V='$(V)'
ASMCPU_FALSE=''
ASMCPU_TRUE='#'
AUTOCONF='autoconf'
AUTOHEADER='autoheader'
AUTOMAKE='automake-1.14'
AWK='gawk'
CATALOGS=''
CATOBJEXT='.gmo'
CC='gcc'
CCDEPMODE='depmode=gcc3'
CFLAGS='-Os -pipe -Wall -W -pedantic -Wno-unused-parameter -fomit-frame-pointer -DUSE_OPENGL -DUSE_JOYSTICK -DUSE_XV -DUSE_OSS -DUSE_ALSA -DUSE_PULSEAUDIO -DUSE_XRANDR -DHAVE_LIBPNG -DUSE_HQ2X -pthread -I/usr/include/gtk-2.0 -I/usr/lib/x86_64-linux-gnu/gtk-2.0/include -I/usr/include/atk-1.0 -I/usr/include/cairo -I/usr/include/gdk-pixbuf-2.0 -I/usr/include/pango-1.0 -I/usr/include/gio-unix-2.0/ -I/usr/include/freetype2 -I/usr/include/glib-2.0 -I/usr/lib/x86_64-linux-gnu/glib-2.0/include -I/usr/include/pixman-1 -I/usr/include/libpng12 -I/usr/include/harfbuzz   -pthread -I/usr/include/glib-2.0 -I/usr/lib/x86_64-linux-gnu/glib-2.0/include   -I/usr/include/libxml2    -I/usr/include/libpng12   -D_GNU_SOURCE=1 -D_REENTRANT -I/usr/include/SDL       -I/usr/include/alsa   -D_REENTRANT   -DCORRECT_VRAM_READS -DSDD1_DECOMP -DNETPLAY_SUPPORT -DJMA_SUPPORT -DZLIB -DHAVE_MKSTEMP -DHAVE_STRINGS_H -DHAVE_SYS_IOCTL_H -DHAVE_STDINT_H -DPTR_NOT_INT -DRIGHTSHIFT_int8_IS_SAR -DRIGHTSHIFT_int16_IS_SAR -DRIGHTSHIFT_int32_IS_SAR -DRIGHTSHIFT_int64_IS_SAR -DRIGHTSHIFT_IS_SAR -DUNZIP_SUPPORT -DSPC700_C -I. -I.. -I../unzip'
CPPFLAGS=''
CXX='g++'
CXXCPP='g++ -E'
CXXDEPMODE='depmode=gcc3'
CXXFLAGS='-Os -pipe -Wall -W -pedantic -Wno-unused-parameter -fomit-frame-pointer -DUSE_OPENGL -DUSE_JOYSTICK -DUSE_XV -DUSE_OSS -DUSE_ALSA -DUSE_PULSEAUDIO -DUSE_XRANDR -DHAVE_LIBPNG -DUSE_HQ2X -pthread -I/usr/include/gtk-2.0 -I/usr/lib/x86_64-linux-gnu/gtk-2.0/include -I/usr/include/atk-1.0 -I/usr/include/cairo -I/usr/include/gdk-pixbuf-2.0 -I/usr/include/pango-1.0 -I/usr/include/gio-unix-2.0/ -I/usr/include/freetype2 -I/usr/include/glib-2.0 -I/usr/lib/x86_64-linux-gnu/glib-2.0/include -I/usr/include/pixman-1 -I/usr/include/libpng12 -I/usr/include/harfbuzz   -pthread -I/usr/include/glib-2.0 -I/usr/lib/x86_64-linux-gnu/glib-2.0/include   -I/usr/include/libxml2    -I/usr/include/libpng12   -D_GNU_SOURCE=1 -D_REENTRANT -I/usr/include/SDL       -I/usr/include/alsa   -D_REENTRANT   -DCORRECT_VRAM_READS -DSDD1_DECOMP -DNETPLAY_SUPPORT -DJMA_SUPPORT -DZLIB -DHAVE_MKSTEMP -DHAVE_STRINGS_H -DHAVE_SYS_IOCTL_H -DHAVE_STDINT_H -DPTR_NOT_INT -DRIGHTSHIFT_int8_IS_SAR -DRIGHTSHIFT_int16_IS_SAR -DRIGHTSHIFT_int32_IS_SAR -DRIGHTSHIFT_int64_IS_SAR -DRIGHTSHIFT_IS_SAR -DUNZIP_SUPPORT -DSPC700_C -I. -I.. -I../unzip'
CYGPATH_W='echo'
DATADIRNAME='share'
DEBUG_FALSE=''
DEBUG_TRUE='#'
DEFS='-DPACKAGE_NAME=\"snes9x-gtk\" -DPACKAGE_TARNAME=\"snes9x-gtk\" -DPACKAGE_VERSION=\"1.53\" -DPACKAGE_STRING=\"snes9x-gtk\ 1.53\" -DPACKAGE_BUGREPORT=\"\" -DPACKAGE_URL=\"\" -DPACKAGE=\"snes9x-gtk\" -DVERSION=\"1.53\" -DGETTEXT_PACKAGE=\"snes9x-gtk\" -DSTDC_HEADERS=1 -DHAVE_SYS_TYPES_H=1 -DHAVE_SYS_STAT_H=1 -DHAVE_STDLIB_H=1 -DHAVE_STRING_H=1 -DHAVE_MEMORY_H=1 -DHAVE_STRINGS_H=1 -DHAVE_INTTYPES_H=1 -DHAVE_STDINT_H=1 -DHAVE_UNISTD_H=1 -DHAVE_LOCALE_H=1 -DHAVE_LC_MESSAGES=1 -DHAVE_BIND_TEXTDOMAIN_CODESET=1 -DHAVE_GETTEXT=1 -DHAVE_DCGETTEXT=1 -DENABLE_NLS=1 -DHAVE_ZLIB_H=1'
DEPDIR='.deps'
ECHO_C=''
ECHO_N='-n'
ECHO_T=''
EGREP='/bin/grep -E'
EXEEXT=''
GETTEXT_PACKAGE='snes9x-gtk'
GLIB_CFLAGS='-pthread -I/usr/include/glib-2.0 -I/usr/lib/x86_64-linux-gnu/glib-2.0/include  '
GLIB_LIBS='-pthread -lgthread-2.0 -lgobject-2.0 -lglib-2.0  '
GMOFILES=''
GMSGFMT='/usr/bin/msgfmt'
GREP='/bin/grep'
GTK_CFLAGS='-pthread -I/usr/include/gtk-2.0 -I/usr/lib/x86_64-linux-gnu/gtk-2.0/include -I/usr/include/atk-1.0 -I/usr/include/cairo -I/usr/include/gdk-pixbuf-2.0 -I/usr/include/pango-1.0 -I/usr/include/gio-unix-2.0/ -I/usr/include/freetype2 -I/usr/include/glib-2.0 -I/usr/lib/x86_64-linux-gnu/glib-2.0/include -I/usr/include/pixman-1 -I/usr/include/libpng12 -I/usr/include/harfbuzz  '
GTK_LIBS='-lgtk-x11-2.0 -lgdk-x11-2.0 -latk-1.0 -lgio-2.0 -lpangoft2-1.0 -lpangocairo-1.0 -lgdk_pixbuf-2.0 -lcairo -lpango-1.0 -lfontconfig -lgobject-2.0 -lglib-2.0 -lfreetype  '
HQ2X_FALSE='#'
HQ2X_TRUE=''
INSTALL_DATA='${INSTALL} -m 644'
INSTALL_PROGRAM='${INSTALL}'
INSTALL_SCRIPT='${INSTALL}'
INSTALL_STRIP_PROGRAM='$(install_sh) -c -s'
INSTOBJEXT='.mo'
INTLLIBS=''
INTLTOOL_CAVES_RULE='%.caves:     %.caves.in     $(INTLTOOL_MERGE) $(wildcard $(top_srcdir)/po/*.po) ; $(INTLTOOL_V_MERGE)LC_ALL=C $(INTLTOOL_MERGE) $(INTLTOOL_V_MERGE_OPTIONS) -d -u -c $(top_builddir)/po/.intltool-merge-cache $(top_srcdir)/po $< $@'
INTLTOOL_DESKTOP_RULE='%.desktop:   %.desktop.in   $(INTLTOOL_MERGE) $(wildcard $(top_srcdir)/po/*.po) ; $(INTLTOOL_V_MERGE)LC_ALL=C $(INTLTOOL_MERGE) $(INTLTOOL_V_MERGE_OPTIONS) -d -u -c $(top_builddir)/po/.intltool-merge-cache $(top_srcdir)/po $< $@'
INTLTOOL_DIRECTORY_RULE='%.directory: %.directory.in $(INTLTOOL_MERGE) $(wildcard $(top_srcdir)/po/*.po) ; $(INTLTOOL_V_MERGE)LC_ALL=C $(INTLTOOL_MERGE) $(INTLTOOL_V_MERGE_OPTIONS) -d -u -c $(top_builddir)/po/.intltool-merge-cache $(top_srcdir)/po $< $@'
INTLTOOL_EXTRACT='/usr/bin/intltool-extract'
INTLTOOL_KBD_RULE='%.kbd:       %.kbd.in       $(INTLTOOL_MERGE) $(wildcard $(top_srcdir)/po/*.po) ; $(INTLTOOL_V_MERGE)LC_ALL=C $(INTLTOOL_MERGE) $(INTLTOOL_V_MERGE_OPTIONS) -x -u -m -c $(top_builddir)/po/.intltool-merge-cache $(top_srcdir)/po $< $@'
INTLTOOL_KEYS_RULE='%.keys:      %.keys.in      $(INTLTOOL_MERGE) $(wildcard $(top_srcdir)/po/*.po) ; $(INTLTOOL_V_MERGE)LC_ALL=C $(INTLTOOL_MERGE) $(INTLTOOL_V_MERGE_OPTIONS) -k -u -c $(top_builddir)/po/.intltool-merge-cache $(top_srcdir)/po $< $@'
INTLTOOL_MERGE='/usr/bin/intltool-merge'
INTLTOOL_OAF_RULE='%.oaf:       %.oaf.in       $(INTLTOOL_MERGE) $(wildcard $(top_srcdir)/po/*.po) ; $(INTLTOOL_V_MERGE)LC_ALL=C $(INTLTOOL_MERGE) $(INTLTOOL_V_MERGE_OPTIONS) -o -p $(top_srcdir)/po $< $@'
INTLTOOL_PERL='/usr/bin/perl'
INTLTOOL_POLICY_RULE='%.policy:    %.policy.in    $(INTLTOOL_MERGE) $(wildcard $(top_srcdir)/po/*.po) ; $(INTLTOOL_V_MERGE)LC_ALL=C $(INTLTOOL_MERGE) $(INTLTOOL_V_MERGE_OPTIONS) -x -u -c $(top_builddir)/po/.intltool-merge-cache $(top_srcdir)/po $< $@'
INTLTOOL_PONG_RULE='%.pong:      %.pong.in      $(INTLTOOL_MERGE) $(wildcard $(top_srcdir)/po/*.po) ; $(INTLTOOL_V_MERGE)LC_ALL=C $(INTLTOOL_MERGE) $(INTLTOOL_V_MERGE_OPTIONS) -x -u -c $(top_builddir)/po/.intltool-merge-cache $(top_srcdir)/po $< $@'
INTLTOOL_PROP_RULE='%.prop:      %.prop.in      $(INTLTOOL_MERGE) $(wildcard $(top_srcdir)/po/*.po) ; $(INTLTOOL_V_MERGE)LC_ALL=C $(INTLTOOL_MERGE) $(INTLTOOL_V_MERGE_OPTIONS) -d -u -c $(top_builddir)/po/.intltool-merge-cache $(top_srcdir)/po $< $@'
INTLTOOL_SCHEMAS_RULE='%.schemas:   %.schemas.in   $(INTLTOOL_MERGE) $(wildcard $(top_srcdir)/po/*.po) ; $(INTLTOOL_V_MERGE)LC_ALL=C $(INTLTOOL_MERGE) $(INTLTOOL_V_MERGE_OPTIONS) -s -u -c $(top_builddir)/po/.intltool-merge-cache $(top_srcdir)/po $< $@'
INTLTOOL_SERVER_RULE='%.server:    %.server.in    $(INTLTOOL_MERGE) $(wildcard $(top_srcdir)/po/*.po) ; $(INTLTOOL_V_MERGE)LC_ALL=C $(INTLTOOL_MERGE) $(INTLTOOL_V_MERGE_OPTIONS) -o -u -c $(top_builddir)/po/.intltool-merge-cache $(top_srcdir)/po $< $@'
INTLTOOL_SERVICE_RULE='%.service: %.service.in   $(INTLTOOL_MERGE) $(wildcard $(top_srcdir)/po/*.po) ; $(INTLTOOL_V_MERGE)LC_ALL=C $(INTLTOOL_MERGE) $(INTLTOOL_V_MERGE_OPTIONS) -d -u -c $(top_builddir)/po/.intltool-merge-cache $(top_srcdir)/po $< $@'
INTLTOOL_SHEET_RULE='%.sheet:     %.sheet.in     $(INTLTOOL_MERGE) $(wildcard $(top_srcdir)/po/*.po) ; $(INTLTOOL_V_MERGE)LC_ALL=C $(INTLTOOL_MERGE) $(INTLTOOL_V_MERGE_OPTIONS) -x -u -c $(top_builddir)/po/.intltool-merge-cache $(top_srcdir)/po $< $@'
INTLTOOL_SOUNDLIST_RULE='%.soundlist: %.soundlist.in $(INTLTOOL_MERGE) $(wildcard $(top_srcdir)/po/*.po) ; $(INTLTOOL_V_MERGE)LC_ALL=C $(INTLTOOL_MERGE) $(INTLTOOL_V_MERGE_OPTIONS) -d -u -c $(top_builddir)/po/.intltool-merge-cache $(top_srcdir)/po $< $@'
INTLTOOL_THEME_RULE='%.theme:     %.theme.in     $(INTLTOOL_MERGE) $(wildcard $(top_srcdir)/po/*.po) ; $(INTLTOOL_V_MERGE)LC_ALL=C $(INTLTOOL_MERGE) $(INTLTOOL_V_MERGE_OPTIONS) -d -u -c $(top_builddir)/po/.intltool-merge-cache $(top_srcdir)/po $< $@'
INTLTOOL_UI_RULE='%.ui:        %.ui.in        $(INTLTOOL_MERGE) $(wildcard $(top_srcdir)/po/*.po) ; $(INTLTOOL_V_MERGE)LC_ALL=C $(INTLTOOL_MERGE) $(INTLTOOL_V_MERGE_OPTIONS) -x -u -c $(top_builddir)/po/.intltool-merge-cache $(top_srcdir)/po $< $@'
INTLTOOL_UPDATE='/usr/bin/intltool-update'
INTLTOOL_V_MERGE='$(INTLTOOL__v_MERGE_$(V))'
INTLTOOL_V_MERGE_OPTIONS='$(intltool__v_merge_options_$(V))'
INTLTOOL_XAM_RULE='%.xam:       %.xml.in       $(INTLTOOL_MERGE) $(wildcard $(top_srcdir)/po/*.po) ; $(INTLTOOL_V_MERGE)LC_ALL=C $(INTLTOOL_MERGE) $(INTLTOOL_V_MERGE_OPTIONS) -x -u -c $(top_builddir)/po/.intltool-merge-cache $(top_srcdir)/po $< $@'
INTLTOOL_XML_NOMERGE_RULE='%.xml:       %.xml.in       $(INTLTOOL_MERGE) ; $(INTLTOOL_V_MERGE)LC_ALL=C $(INTLTOOL_MERGE) $(INTLTOOL_V_MERGE_OPTIONS) -x -u --no-translations $< $@'
INTLTOOL_XML_RULE='%.xml:       %.xml.in       $(INTLTOOL_MERGE) $(wildcard $(top_srcdir)/po/*.po) ; $(INTLTOOL_V_MERGE)LC_ALL=C $(INTLTOOL_MERGE) $(INTLTOOL_V_MERGE_OPTIONS) -x -u -c $(top_builddir)/po/.intltool-merge-cache $(top_srcdir)/po $< $@'
INTLTOOL__v_MERGE_0='@echo "  ITMRG " $@;'
INTLTOOL__v_MERGE_='$(INTLTOOL__v_MERGE_$(AM_DEFAULT_VERBOSITY))'
JMA_FALSE='#'
JMA_TRUE=''
LDFLAGS=''
LIBOBJS=''
LIBPNG_CFLAGS='-I/usr/include/libpng12  '
LIBPNG_LIBS='-lpng12  '
LIBS=' -lX11 -ldl -lXext -lGL -lgtk-x11-2.0 -lgdk-x11-2.0 -latk-1.0 -lgio-2.0 -lpangoft2-1.0 -lpangocairo-1.0 -lgdk_pixbuf-2.0 -lcairo -lpango-1.0 -lfontconfig -lgobject-2.0 -lglib-2.0 -lfreetype   -pthread -lgthread-2.0 -lgobject-2.0 -lglib-2.0   -lxml2    -lpng12   -lSDL   -lXv   -lXrandr   -lasound   -lpulse-simple -lpulse   -lz'
LIBXML_CFLAGS='-I/usr/include/libxml2  '
LIBXML_LIBS='-lxml2  '
LTLIBOBJS=''
MAKEINFO='makeinfo'
MKDIR_P='/bin/mkdir -p'
MKINSTALLDIRS='./mkinstalldirs'
MSGFMT='/usr/bin/msgfmt'
MSGFMT_OPTS='-c'
MSGMERGE='/usr/bin/msgmerge'
NASM='not_found'
NASM_FLAGS=''
NETPLAY_FALSE='#'
NETPLAY_TRUE=''
OBJEXT='o'
OPENGL_FALSE='#'
OPENGL_TRUE=''
OSS_FALSE='#'
OSS_TRUE=''
PACKAGE='snes9x-gtk'
PACKAGE_BUGREPORT=''
PACKAGE_NAME='snes9x-gtk'
PACKAGE_STRING='snes9x-gtk 1.53'
PACKAGE_TARNAME='snes9x-gtk'
PACKAGE_URL=''
PACKAGE_VERSION='1.53'
PATH_SEPARATOR=':'
PKG_CONFIG='/usr/bin/pkg-config'
PKG_CONFIG_LIBDIR=''
PKG_CONFIG_PATH=''
POFILES=''
PORTAUDIO_CFLAGS=''
PORTAUDIO_FALSE=''
PORTAUDIO_LIBS=''
PORTAUDIO_TRUE='#'
POSUB='po'
PO_IN_DATADIR_FALSE=''
PO_IN_DATADIR_TRUE=''
PULSEAUDIO_CFLAGS='-D_REENTRANT  '
PULSEAUDIO_FALSE='#'
PULSEAUDIO_LIBS='-lpulse-simple -lpulse  '
PULSEAUDIO_TRUE=''
RANLIB='ranlib'
SDD1_DECOMP_FALSE='#'
SDD1_DECOMP_TRUE=''
SDLCONFIGFOUND=''
SDL_CFLAGS='-D_GNU_SOURCE=1 -D_REENTRANT -I/usr/include/SDL  '
SDL_FALSE='#'
SDL_LIBS='-lSDL  '
SDL_TRUE=''
SET_MAKE=''
SHELL='/bin/bash'
STRIP=''
USE_NLS='yes'
VERSION='1.53'
XGETTEXT='/usr/bin/xgettext'
XRANDR_CFLAGS=' '
XRANDR_LIBS='-lXrandr  '
XV_CFLAGS=' '
XV_FALSE='#'
XV_LIBS='-lXv  '
XV_TRUE=''
ZSNESC4_FALSE=''
ZSNESC4_TRUE='#'
ZSNESFX_FALSE=''
ZSNESFX_TRUE='#'
ac_ct_CC='gcc'
ac_ct_CXX='g++'
am__EXEEXT_FALSE=''
am__EXEEXT_TRUE='#'
am__fastdepCC_FALSE='#'
am__fastdepCC_TRUE=''
am__fastdepCXX_FALSE='#'
am__fastdepCXX_TRUE=''
am__include='include'
am__isrc=''
am__leading_dot='.'
am__nodep='_no'
am__quote=''
am__tar='$${TAR-tar} chof - "$$tardir"'
am__untar='$${TAR-tar} xf -'
bindir='${exec_prefix}/bin'
build_alias=''
datadir='${datarootdir}'
datarootdir='${prefix}/share'
docdir='${datarootdir}/doc/${PACKAGE_TARNAME}'
dvidir='${docdir}'
exec_prefix='${prefix}'
host_alias=''
htmldir='${docdir}'
includedir='${prefix}/include'
infodir='${datarootdir}/info'
install_sh='${SHELL} /home/zarboz/install-sh'
intltool__v_merge_options_0='-q'
intltool__v_merge_options_='$(intltool__v_merge_options_$(AM_DEFAULT_VERBOSITY))'
libdir='${exec_prefix}/lib'
libexecdir='${exec_prefix}/libexec'
localedir='${datarootdir}/locale'
localstatedir='${prefix}/var'
mandir='${datarootdir}/man'
mkdir_p='$(MKDIR_P)'
oldincludedir='/usr/include'
pdfdir='${docdir}'
prefix='/usr/local'
program_transform_name='s,x,x,'
psdir='${docdir}'
sbindir='${exec_prefix}/sbin'
sharedstatedir='${prefix}/com'
snes9xlocaledir='${prefix}/${DATADIRNAME}/locale'
sysconfdir='${prefix}/etc'
target_alias=''

## ----------- ##
## confdefs.h. ##
## ----------- ##

/* confdefs.h */
#define PACKAGE_NAME "snes9x-gtk"
#define PACKAGE_TARNAME "snes9x-gtk"
#define PACKAGE_VERSION "1.53"
#define PACKAGE_STRING "snes9x-gtk 1.53"
#define PACKAGE_BUGREPORT ""
#define PACKAGE_URL ""
#define PACKAGE "snes9x-gtk"
#define VERSION "1.53"
#define GETTEXT_PACKAGE "snes9x-gtk"
#define STDC_HEADERS 1
#define HAVE_SYS_TYPES_H 1
#define HAVE_SYS_STAT_H 1
#define HAVE_STDLIB_H 1
#define HAVE_STRING_H 1
#define HAVE_MEMORY_H 1
#define HAVE_STRINGS_H 1
#define HAVE_INTTYPES_H 1
#define HAVE_STDINT_H 1
#define HAVE_UNISTD_H 1
#define HAVE_LOCALE_H 1
#define HAVE_LC_MESSAGES 1
#define HAVE_BIND_TEXTDOMAIN_CODESET 1
#define HAVE_GETTEXT 1
#define HAVE_DCGETTEXT 1
#define ENABLE_NLS 1
#define HAVE_ZLIB_H 1

configure: exit 0
